Zorunlu paket y"ukleniyor: rmarkdown
Zorunlu paket y"ukleniyor: rstudioapi


processing file: ScheduleTrialBibliographic.Rmd
  |                                                                         |                                                                 |   0%  |                                                                         |......................                                           |  33%
  ordinary text without R code

  |                                                                         |...........................................                      |  67%
label: unnamed-chunk-1
  |                                                                         |.................................................................| 100%
   inline R code fragments


output file: ScheduleTrialBibliographic.knit.md

/Applications/RStudio.app/Contents/MacOS/pandoc/pandoc +RTS -K512m -RTS ScheduleTrialBibliographic.utf8.md --to html4 --from markdown+autolink_bare_uris+ascii_identifiers+tex_math_single_backslash --output /Users/serdarbalciold/RepTemplates/BibliographicStudies/index.html --smart --email-obfuscation none --self-contained --standalone --section-divs --template /Library/Frameworks/R.framework/Versions/3.5/Resources/library/rmarkdown/rmd/h/default.html --no-highlight --variable highlightjs=1 --variable 'theme:bootstrap' --include-in-header /tmp/RtmpeVM3yS/rmarkdown-str631838e3b6ab.html --mathjax --variable 'mathjax-url:https://mathjax.rstudio.com/latest/MathJax.js?config=TeX-AMS-MML_HTMLorMML' --variable code_folding=show --variable source_embed=ScheduleTrialBibliographic.Rmd --include-after-body /tmp/RtmpeVM3yS/file63186dedb1ba.html --variable code_menu=1 --variable kable-scroll=1 

Output created: ~/RepTemplates/BibliographicStudies/index.nb.html
fatal: could not read Username for 'https://github.com': Device not configured
[1] "[master 281ab7f] updated on 2018-07-02 17:27:01"     
[2] " 4 files changed, 23 insertions(+), 144 deletions(-)"
[3] " rewrite ScheduledR.log (85%)"                       
attr(,"status")
[1] 128
Warning message:
In system(command = gitCommand, intern = TRUE) :
  'cd ~/RepTemplates/BibliographicStudies/ 
 git add . 
 git commit --message 'updated on 2018-07-02 17:27:01' 
 git push origin master 
' komutunu calistirirken 128 durumu olustu
